<?xml version="1.0" encoding="UTF-8"?>
<!-- Generated by org.testng.reporters.JUnitReportReporter -->
<testsuite skipped="0" hostname="D11-KamalKant.local" name="tests.location.RestaurantInLocation" tests="12" failures="0" timestamp="01 Oct 2020 06:03:41 GMT" time="12.072" errors="0">
  <testcase name="getRestaurantWithLocation" time="1.099" classname="tests.location.RestaurantInLocation"/>
  <testcase name="getRestaurantWithInvalidLocation" time="0.814" classname="tests.location.RestaurantInLocation"/>
  <testcase name="getRestaurantWithLocation" time="1.333" classname="tests.location.RestaurantInLocation"/>
  <testcase name="getRestaurantWithLocation" time="1.280" classname="tests.location.RestaurantInLocation"/>
  <testcase name="getRestaurantWithMissingParam" time="1.036" classname="tests.location.RestaurantInLocation"/>
  <testcase name="getRestaurantWithMissingParam" time="0.819" classname="tests.location.RestaurantInLocation"/>
  <testcase name="getRestaurantWithInvalidLocation" time="0.866" classname="tests.location.RestaurantInLocation"/>
  <testcase name="getRestaurantWithMissingParam" time="0.943" classname="tests.location.RestaurantInLocation"/>
  <testcase name="getRestaurantWithInvalidLocation" time="0.959" classname="tests.location.RestaurantInLocation"/>
  <testcase name="getRestaurantWithInvalidLocation" time="0.937" classname="tests.location.RestaurantInLocation"/>
  <testcase name="getRestaurantWithMissingParam" time="0.905" classname="tests.location.RestaurantInLocation"/>
  <testcase name="getRestaurantWithLocation" time="1.081" classname="tests.location.RestaurantInLocation"/>
</testsuite> <!-- tests.location.RestaurantInLocation -->
